信息: DEBUG BaseJdbcLogger (BaseJdbcLogger.java:145) - ==>  Preparing: select * from bookinfo where bookName=? 
信息: DEBUG BaseJdbcLogger (BaseJdbcLogger.java:145) - ==> Parameters: 动物世界(String)
信息: DEBUG BaseJdbcLogger (BaseJdbcLogger.java:145) - ==>  Preparing: select * from bookinfo where bookName=? 
信息: DEBUG BaseJdbcLogger (BaseJdbcLogger.java:145) - ==> Parameters: 动物世界(String)
信息: DEBUG BaseJdbcLogger (BaseJdbcLogger.java:145) - <==      Total: 1
信息: DEBUG BaseJdbcLogger (BaseJdbcLogger.java:145) - ==>  Preparing: select * from bookinfo where bookName=? 
信息: DEBUG BaseJdbcLogger (BaseJdbcLogger.java:145) - ==> Parameters: 动物世界(String)
信息: DEBUG BaseJdbcLogger (BaseJdbcLogger.java:145) - <==      Total: 1
信息: DEBUG BaseJdbcLogger (BaseJdbcLogger.java:145) - ==>  Preparing: select * from bookinfo where bookName=? 
信息: DEBUG BaseJdbcLogger (BaseJdbcLogger.java:145) - ==> Parameters: 动物世界(String)
信息: DEBUG BaseJdbcLogger (BaseJdbcLogger.java:145) - <==      Total: 1
信息: DEBUG BaseJdbcLogger (BaseJdbcLogger.java:145) - ==>  Preparing: select * from bookinfo where bookName=? 
信息: DEBUG BaseJdbcLogger (BaseJdbcLogger.java:145) - ==> Parameters: 动物世界(String)
信息: DEBUG BaseJdbcLogger (BaseJdbcLogger.java:145) - <==      Total: 1
信息: DEBUG BaseJdbcLogger (BaseJdbcLogger.java:145) - ==>  Preparing: select * from bookinfo where bookAuthor=? 
信息: DEBUG BaseJdbcLogger (BaseJdbcLogger.java:145) - ==> Parameters: 黎茜茜(String)
信息: DEBUG BaseJdbcLogger (BaseJdbcLogger.java:145) - <==      Total: 1
信息: DEBUG BaseJdbcLogger (BaseJdbcLogger.java:145) - ==>  Preparing: select * from bookinfo where bookAuthor=? 
信息: DEBUG BaseJdbcLogger (BaseJdbcLogger.java:145) - ==> Parameters: 霍顿(String)
信息: DEBUG BaseJdbcLogger (BaseJdbcLogger.java:145) - ==>  Preparing: select * from bookinfo where bookAuthor=? 
信息: DEBUG BaseJdbcLogger (BaseJdbcLogger.java:145) - ==> Parameters: 霍顿(String)
信息: DEBUG BaseJdbcLogger (BaseJdbcLogger.java:145) - ==>  Preparing: select * from bookinfo where bookAuthor=? 
信息: DEBUG BaseJdbcLogger (BaseJdbcLogger.java:145) - ==> Parameters: 霍顿(String)
信息: DEBUG BaseJdbcLogger (BaseJdbcLogger.java:145) - <==      Total: 1
信息: DEBUG BaseJdbcLogger (BaseJdbcLogger.java:145) - ==>  Preparing: select * from userinfo where userName =? and userPassword=? 
信息: DEBUG BaseJdbcLogger (BaseJdbcLogger.java:145) - ==> Parameters: xqq(String), a(String)
信息: DEBUG BaseJdbcLogger (BaseJdbcLogger.java:145) - <==      Total: 1
